nohup: ignoring input
[STARTUP] PYTHONPATH: ['/app', '/home/francoisosmozis/hippique-orchestrator', '']
[STARTUP] CWD: /home/francoisosmozis/hippique-orchestrator
[STARTUP] Config loaded: analyse-hippique
[STARTUP] Logger loaded
[STARTUP] FastAPI app created
[STARTUP] Registered 12 routes:
[STARTUP]   ['GET', 'HEAD'] /openapi.json
[STARTUP]   ['GET', 'HEAD'] /docs
[STARTUP]   ['GET', 'HEAD'] /docs/oauth2-redirect
[STARTUP]   ['GET', 'HEAD'] /redoc
[STARTUP]   ['GET'] /
[STARTUP]   ['GET'] /health
[STARTUP]   ['GET'] /healthz
[STARTUP]   ['GET'] /ping
[STARTUP]   ['GET'] /debug/info
[STARTUP]   ['GET'] /debug/parse
[STARTUP]   ['POST'] /schedule
[STARTUP]   ['POST'] /run
INFO:     Started server process [6638]
INFO:     Waiting for application startup.
INFO:     Application startup complete.
INFO:     Uvicorn running on http://0.0.0.0:8080 (Press CTRL+C to quit)
INFO:     127.0.0.1:51766 - "GET /healthz HTTP/1.1" 200 OK
INFO:     127.0.0.1:51768 - "GET /health HTTP/1.1" 200 OK
INFO:     127.0.0.1:32770 - "GET /healthz HTTP/1.1" 200 OK
INFO:     127.0.0.1:54334 - "GET /healthz HTTP/1.1" 200 OK
